[debug] [2023-04-10T08:08:15.455Z] ----------------------------------------------------------------------
[debug] [2023-04-10T08:08:15.458Z] Command:       C:\Program Files\nodejs\node.exe C:\Users\PC\AppData\Roaming\npm\node_modules\firebase-tools\lib\bin\firebase.js deploy
[debug] [2023-04-10T08:08:15.459Z] CLI Version:   11.19.0
[debug] [2023-04-10T08:08:15.459Z] Platform:      win32
[debug] [2023-04-10T08:08:15.459Z] Node Version:  v16.13.1
[debug] [2023-04-10T08:08:15.699Z] Time:          Mon Apr 10 2023 14:08:15 GMT+0600 (Bangladesh Standard Time)
[debug] [2023-04-10T08:08:15.700Z] ----------------------------------------------------------------------
[debug] 
[debug] [2023-04-10T08:08:15.734Z] >>> [apiv2][query] GET https://firebase-public.firebaseio.com/cli.json [none]
[debug] [2023-04-10T08:08:15.901Z] > command requires scopes: ["email","openid","https://www.googleapis.com/auth/cloudplatformprojects.readonly","https://www.googleapis.com/auth/firebase","https://www.googleapis.com/auth/cloud-platform"]
[debug] [2023-04-10T08:08:15.901Z] > authorizing via signed-in user (abubakarsiddique7912@gmail.com)
[debug] [2023-04-10T08:08:15.901Z] [iam] checking project english-now-ce201 for permissions ["firebase.projects.get","firebasehosting.sites.update"]
[debug] [2023-04-10T08:08:15.903Z] > refreshing access token with scopes: []
[debug] [2023-04-10T08:08:15.906Z] >>> [apiv2][query] POST https://www.googleapis.com/oauth2/v3/token [none]
[debug] [2023-04-10T08:08:15.906Z] >>> [apiv2][body] POST https://www.googleapis.com/oauth2/v3/token [omitted]
[debug] [2023-04-10T08:08:20.952Z] <<< [apiv2][status] GET https://firebase-public.firebaseio.com/cli.json 200
[debug] [2023-04-10T08:08:20.952Z] <<< [apiv2][body] GET https://firebase-public.firebaseio.com/cli.json {"cloudBuildErrorAfter":1594252800000,"cloudBuildWarnAfter":1590019200000,"defaultNode10After":1594252800000,"minVersion":"3.0.5","node8DeploysDisabledAfter":1613390400000,"node8RuntimeDisabledAfter":1615809600000,"node8WarnAfter":1600128000000}
[debug] [2023-04-10T08:08:22.515Z] <<< [apiv2][status] POST https://www.googleapis.com/oauth2/v3/token 200
[debug] [2023-04-10T08:08:22.515Z] <<< [apiv2][body] POST https://www.googleapis.com/oauth2/v3/token [omitted]
[debug] [2023-04-10T08:08:22.687Z] >>> [apiv2][query] POST https://cloudresourcemanager.googleapis.com/v1/projects/english-now-ce201:testIamPermissions [none]
[debug] [2023-04-10T08:08:22.687Z] >>> [apiv2][(partial)header] POST https://cloudresourcemanager.googleapis.com/v1/projects/english-now-ce201:testIamPermissions x-goog-quota-user=projects/english-now-ce201
[debug] [2023-04-10T08:08:22.687Z] >>> [apiv2][body] POST https://cloudresourcemanager.googleapis.com/v1/projects/english-now-ce201:testIamPermissions {"permissions":["firebase.projects.get","firebasehosting.sites.update"]}
[debug] [2023-04-10T08:08:36.149Z] <<< [apiv2][status] POST https://cloudresourcemanager.googleapis.com/v1/projects/english-now-ce201:testIamPermissions 200
[debug] [2023-04-10T08:08:36.150Z] <<< [apiv2][body] POST https://cloudresourcemanager.googleapis.com/v1/projects/english-now-ce201:testIamPermissions {"permissions":["firebase.projects.get","firebasehosting.sites.update"]}
[debug] [2023-04-10T08:08:36.151Z] >>> [apiv2][query] GET https://firebase.googleapis.com/v1beta1/projects/english-now-ce201 [none]
[debug] [2023-04-10T08:08:55.417Z] <<< [apiv2][status] GET https://firebase.googleapis.com/v1beta1/projects/english-now-ce201 200
[debug] [2023-04-10T08:08:55.417Z] <<< [apiv2][body] GET https://firebase.googleapis.com/v1beta1/projects/english-now-ce201 {"projectId":"english-now-ce201","projectNumber":"1014147422706","displayName":"english-now","name":"projects/english-now-ce201","resources":{"hostingSite":"english-now-ce201"},"state":"ACTIVE","etag":"1_8e3c963f-0e38-4bc2-90a1-987f19abc09d"}
[info] 
[info] === Deploying to 'english-now-ce201'...
[info] 
[info] i  deploying hosting 
[debug] [2023-04-10T08:08:55.427Z] >>> [apiv2][query] POST https://firebasehosting.googleapis.com/v1beta1/projects/-/sites/english-now-ce201/versions [none]
[debug] [2023-04-10T08:08:55.427Z] >>> [apiv2][body] POST https://firebasehosting.googleapis.com/v1beta1/projects/-/sites/english-now-ce201/versions {"status":"CREATED","labels":{"deployment-tool":"cli-firebase"}}
[debug] [2023-04-10T08:08:59.746Z] <<< [apiv2][status] POST https://firebasehosting.googleapis.com/v1beta1/projects/-/sites/english-now-ce201/versions 200
[debug] [2023-04-10T08:08:59.747Z] <<< [apiv2][body] POST https://firebasehosting.googleapis.com/v1beta1/projects/-/sites/english-now-ce201/versions {"name":"projects/1014147422706/sites/english-now-ce201/versions/96dbbdedd13abd0d","status":"CREATED","config":{},"labels":{"deployment-tool":"cli-firebase"}}
[info] i  hosting[english-now-ce201]: beginning deploy... 
[info] i  hosting[english-now-ce201]: found 17 files in build 
[debug] [2023-04-10T08:08:59.761Z] [hosting] uploading with 200 concurrency
[debug] [2023-04-10T08:08:59.825Z] [hosting] hash cache [YnVpbGQ] stored for 17 files
[debug] [2023-04-10T08:08:59.825Z] [hosting][hash queue][FINAL] {"max":47,"min":3,"avg":11.117647058823529,"active":0,"complete":17,"success":17,"errored":0,"retried":0,"total":17,"elapsed":62}
[debug] [2023-04-10T08:08:59.826Z] >>> [apiv2][query] POST https://firebasehosting.googleapis.com/v1beta1/projects/1014147422706/sites/english-now-ce201/versions/96dbbdedd13abd0d:populateFiles [none]
[debug] [2023-04-10T08:08:59.826Z] >>> [apiv2][body] POST https://firebasehosting.googleapis.com/v1beta1/projects/1014147422706/sites/english-now-ce201/versions/96dbbdedd13abd0d:populateFiles {"files":{"/favicon.ico":"eae62e993eb980ec8a25058c39d5a51feab118bd2100c4deebb2a9c158ec11f9","/logo192.png":"3ee59515172ee198f3be375979df15ac5345183e656720a381b8872b2a39dc8b","/logo512.png":"ee7e2f3fdb8209c4b6fd7bef6ba50d1b9dba30a25bb5c3126df057e1cb6f5331","/manifest.json":"aff3449bdc238776f5d6d967f19ec491b36aed5fb7f23ccff6500736fd58494a","/robots.txt":"bfe106a3fb878dc83461c86818bf74fc1bdc7f28538ba613cd3e775516ce8b49","/asset-manifest.json":"2a68c962b678e38415be6a893123bddc30520fca3438dd997d4977932b1b7128","/index.html":"2d5b89a267f8187fd5c548691ea637d8ee6af784748154b5cdf7b2c645760196","/static/js/27.cda09eae.chunk.js":"39cfe9af6e8c98709a04e691340d7e5631d31f564ae057120f365e4b81e0119a","/static/js/main.2e1a5721.js.LICENSE.txt":"68e9dd19a3d19f1bcd37e12534a7817a0e453e169b44e69f45cc840f44dcbc4c","/static/media/Bust2.17bfe9880545e4a6b9ab.png":"dc1aba45d523dd9034bec389590449bdee9be2e26598bd74c58e19ec5e53bc83","/static/media/spinner.84a9cb85f33e8a69e0f72a94f31725b5.svg":"0274c3ae4c6e344c825a250708730db10495ac8eeb473b8ff3f91197ea7818c3","/static/media/SpinnerTwo.811db19c97df57888a552f675dab5e6b.svg":"edcc15c73225b46a7573c0cf786c21ac8c9815fe5566133918f4e6473b5e0cd8","/static/media/subSpinner.8357a87982ac7ccfd069f8fcff8ea4eb.svg":"63a8cf7be9331c06ce070e1de6c9e737ba86c21828a2cb9426e061e4dd1f1f3a","/static/media/Bust1.3260ef19ad145252fe37.png":"057682be8174bb85c31ff67facb31c0a181b9973d93c76103a0b3919e37e7744","/static/media/bust4.a88358b42c559162a904.png":"ccfcdb62db540224c6a48a8a6a358793245f8df86488eb33b0d9bacb8c2aa4a4","/static/css/main.717943dc.css":"d8ee29fa565dc8494181457eb1f252e69b4ef445037225acca651018d1cb0ccb","/static/js/main.2e1a5721.js":"0979f4d8c7d80f110fe79f20becaf90eab6a2d925911938d1a04ac0733ce4485"}}
[debug] [2023-04-10T08:09:11.613Z] <<< [apiv2][status] POST https://firebasehosting.googleapis.com/v1beta1/projects/1014147422706/sites/english-now-ce201/versions/96dbbdedd13abd0d:populateFiles 200
[debug] [2023-04-10T08:09:11.614Z] <<< [apiv2][body] POST https://firebasehosting.googleapis.com/v1beta1/projects/1014147422706/sites/english-now-ce201/versions/96dbbdedd13abd0d:populateFiles {"uploadRequiredHashes":["d8ee29fa565dc8494181457eb1f252e69b4ef445037225acca651018d1cb0ccb","2a68c962b678e38415be6a893123bddc30520fca3438dd997d4977932b1b7128","2d5b89a267f8187fd5c548691ea637d8ee6af784748154b5cdf7b2c645760196","0979f4d8c7d80f110fe79f20becaf90eab6a2d925911938d1a04ac0733ce4485"],"uploadUrl":"https://upload-firebasehosting.googleapis.com/upload/sites/english-now-ce201/versions/96dbbdedd13abd0d/files"}
[debug] [2023-04-10T08:09:11.615Z] >>> [apiv2][query] POST https://upload-firebasehosting.googleapis.com/upload/sites/english-now-ce201/versions/96dbbdedd13abd0d/files/d8ee29fa565dc8494181457eb1f252e69b4ef445037225acca651018d1cb0ccb [none]
[debug] [2023-04-10T08:09:11.615Z] >>> [apiv2][body] POST https://upload-firebasehosting.googleapis.com/upload/sites/english-now-ce201/versions/96dbbdedd13abd0d/files/d8ee29fa565dc8494181457eb1f252e69b4ef445037225acca651018d1cb0ccb [stream]
[debug] [2023-04-10T08:09:11.617Z] >>> [apiv2][query] POST https://upload-firebasehosting.googleapis.com/upload/sites/english-now-ce201/versions/96dbbdedd13abd0d/files/2a68c962b678e38415be6a893123bddc30520fca3438dd997d4977932b1b7128 [none]
[debug] [2023-04-10T08:09:11.617Z] >>> [apiv2][body] POST https://upload-firebasehosting.googleapis.com/upload/sites/english-now-ce201/versions/96dbbdedd13abd0d/files/2a68c962b678e38415be6a893123bddc30520fca3438dd997d4977932b1b7128 [stream]
[debug] [2023-04-10T08:09:11.619Z] >>> [apiv2][query] POST https://upload-firebasehosting.googleapis.com/upload/sites/english-now-ce201/versions/96dbbdedd13abd0d/files/2d5b89a267f8187fd5c548691ea637d8ee6af784748154b5cdf7b2c645760196 [none]
[debug] [2023-04-10T08:09:11.619Z] >>> [apiv2][body] POST https://upload-firebasehosting.googleapis.com/upload/sites/english-now-ce201/versions/96dbbdedd13abd0d/files/2d5b89a267f8187fd5c548691ea637d8ee6af784748154b5cdf7b2c645760196 [stream]
[debug] [2023-04-10T08:09:11.620Z] >>> [apiv2][query] POST https://upload-firebasehosting.googleapis.com/upload/sites/english-now-ce201/versions/96dbbdedd13abd0d/files/0979f4d8c7d80f110fe79f20becaf90eab6a2d925911938d1a04ac0733ce4485 [none]
[debug] [2023-04-10T08:09:11.620Z] >>> [apiv2][body] POST https://upload-firebasehosting.googleapis.com/upload/sites/english-now-ce201/versions/96dbbdedd13abd0d/files/0979f4d8c7d80f110fe79f20becaf90eab6a2d925911938d1a04ac0733ce4485 [stream]
[debug] [2023-04-10T08:09:11.621Z] [hosting][populate queue][FINAL] {"max":11802,"min":11802,"avg":11802,"active":0,"complete":1,"success":1,"errored":0,"retried":0,"total":1,"elapsed":11808}
[debug] [2023-04-10T08:09:11.621Z] [hosting] uploads queued: 4
[debug] [2023-04-10T08:09:29.161Z] [uploadQueue] Retrying task 2d5b89a267f8187fd5c548691ea637d8ee6af784748154b5cdf7b2c645760196
[debug] [2023-04-10T08:09:29.162Z] >>> [apiv2][query] POST https://upload-firebasehosting.googleapis.com/upload/sites/english-now-ce201/versions/96dbbdedd13abd0d/files/2d5b89a267f8187fd5c548691ea637d8ee6af784748154b5cdf7b2c645760196 [none]
[debug] [2023-04-10T08:09:29.162Z] >>> [apiv2][body] POST https://upload-firebasehosting.googleapis.com/upload/sites/english-now-ce201/versions/96dbbdedd13abd0d/files/2d5b89a267f8187fd5c548691ea637d8ee6af784748154b5cdf7b2c645760196 [stream]
[debug] [2023-04-10T08:09:29.394Z] <<< [apiv2][status] POST https://upload-firebasehosting.googleapis.com/upload/sites/english-now-ce201/versions/96dbbdedd13abd0d/files/2a68c962b678e38415be6a893123bddc30520fca3438dd997d4977932b1b7128 200
[debug] [2023-04-10T08:09:29.394Z] <<< [apiv2][body] POST https://upload-firebasehosting.googleapis.com/upload/sites/english-now-ce201/versions/96dbbdedd13abd0d/files/2a68c962b678e38415be6a893123bddc30520fca3438dd997d4977932b1b7128 [stream]
[debug] [2023-04-10T08:09:30.604Z] [uploadQueue] Retrying task 0979f4d8c7d80f110fe79f20becaf90eab6a2d925911938d1a04ac0733ce4485
[debug] [2023-04-10T08:09:30.604Z] >>> [apiv2][query] POST https://upload-firebasehosting.googleapis.com/upload/sites/english-now-ce201/versions/96dbbdedd13abd0d/files/0979f4d8c7d80f110fe79f20becaf90eab6a2d925911938d1a04ac0733ce4485 [none]
[debug] [2023-04-10T08:09:30.605Z] >>> [apiv2][body] POST https://upload-firebasehosting.googleapis.com/upload/sites/english-now-ce201/versions/96dbbdedd13abd0d/files/0979f4d8c7d80f110fe79f20becaf90eab6a2d925911938d1a04ac0733ce4485 [stream]
[debug] [2023-04-10T08:09:30.639Z] [uploadQueue] Retrying task d8ee29fa565dc8494181457eb1f252e69b4ef445037225acca651018d1cb0ccb
[debug] [2023-04-10T08:09:30.640Z] >>> [apiv2][query] POST https://upload-firebasehosting.googleapis.com/upload/sites/english-now-ce201/versions/96dbbdedd13abd0d/files/d8ee29fa565dc8494181457eb1f252e69b4ef445037225acca651018d1cb0ccb [none]
[debug] [2023-04-10T08:09:30.640Z] >>> [apiv2][body] POST https://upload-firebasehosting.googleapis.com/upload/sites/english-now-ce201/versions/96dbbdedd13abd0d/files/d8ee29fa565dc8494181457eb1f252e69b4ef445037225acca651018d1cb0ccb [stream]
[debug] [2023-04-10T08:09:39.112Z] <<< [apiv2][status] POST https://upload-firebasehosting.googleapis.com/upload/sites/english-now-ce201/versions/96dbbdedd13abd0d/files/2d5b89a267f8187fd5c548691ea637d8ee6af784748154b5cdf7b2c645760196 200
[debug] [2023-04-10T08:09:39.112Z] <<< [apiv2][body] POST https://upload-firebasehosting.googleapis.com/upload/sites/english-now-ce201/versions/96dbbdedd13abd0d/files/2d5b89a267f8187fd5c548691ea637d8ee6af784748154b5cdf7b2c645760196 [stream]
[debug] [2023-04-10T08:09:46.343Z] [uploadQueue] Retrying task 0979f4d8c7d80f110fe79f20becaf90eab6a2d925911938d1a04ac0733ce4485
[debug] [2023-04-10T08:09:46.344Z] >>> [apiv2][query] POST https://upload-firebasehosting.googleapis.com/upload/sites/english-now-ce201/versions/96dbbdedd13abd0d/files/0979f4d8c7d80f110fe79f20becaf90eab6a2d925911938d1a04ac0733ce4485 [none]
[debug] [2023-04-10T08:09:46.344Z] >>> [apiv2][body] POST https://upload-firebasehosting.googleapis.com/upload/sites/english-now-ce201/versions/96dbbdedd13abd0d/files/0979f4d8c7d80f110fe79f20becaf90eab6a2d925911938d1a04ac0733ce4485 [stream]
[debug] [2023-04-10T08:10:01.441Z] [uploadQueue] Retrying task d8ee29fa565dc8494181457eb1f252e69b4ef445037225acca651018d1cb0ccb
[debug] [2023-04-10T08:10:01.442Z] >>> [apiv2][query] POST https://upload-firebasehosting.googleapis.com/upload/sites/english-now-ce201/versions/96dbbdedd13abd0d/files/d8ee29fa565dc8494181457eb1f252e69b4ef445037225acca651018d1cb0ccb [none]
[debug] [2023-04-10T08:10:01.442Z] >>> [apiv2][body] POST https://upload-firebasehosting.googleapis.com/upload/sites/english-now-ce201/versions/96dbbdedd13abd0d/files/d8ee29fa565dc8494181457eb1f252e69b4ef445037225acca651018d1cb0ccb [stream]
[debug] [2023-04-10T08:10:17.946Z] [uploadQueue] Retrying task 0979f4d8c7d80f110fe79f20becaf90eab6a2d925911938d1a04ac0733ce4485
[debug] [2023-04-10T08:10:17.946Z] >>> [apiv2][query] POST https://upload-firebasehosting.googleapis.com/upload/sites/english-now-ce201/versions/96dbbdedd13abd0d/files/0979f4d8c7d80f110fe79f20becaf90eab6a2d925911938d1a04ac0733ce4485 [none]
[debug] [2023-04-10T08:10:17.946Z] >>> [apiv2][body] POST https://upload-firebasehosting.googleapis.com/upload/sites/english-now-ce201/versions/96dbbdedd13abd0d/files/0979f4d8c7d80f110fe79f20becaf90eab6a2d925911938d1a04ac0733ce4485 [stream]
[debug] [2023-04-10T08:10:33.042Z] [uploadQueue] Retrying task d8ee29fa565dc8494181457eb1f252e69b4ef445037225acca651018d1cb0ccb
[debug] [2023-04-10T08:10:33.043Z] >>> [apiv2][query] POST https://upload-firebasehosting.googleapis.com/upload/sites/english-now-ce201/versions/96dbbdedd13abd0d/files/d8ee29fa565dc8494181457eb1f252e69b4ef445037225acca651018d1cb0ccb [none]
[debug] [2023-04-10T08:10:33.043Z] >>> [apiv2][body] POST https://upload-firebasehosting.googleapis.com/upload/sites/english-now-ce201/versions/96dbbdedd13abd0d/files/d8ee29fa565dc8494181457eb1f252e69b4ef445037225acca651018d1cb0ccb [stream]
[debug] [2023-04-10T08:10:35.939Z] [uploadQueue] Retrying task 0979f4d8c7d80f110fe79f20becaf90eab6a2d925911938d1a04ac0733ce4485
[debug] [2023-04-10T08:10:35.939Z] >>> [apiv2][query] POST https://upload-firebasehosting.googleapis.com/upload/sites/english-now-ce201/versions/96dbbdedd13abd0d/files/0979f4d8c7d80f110fe79f20becaf90eab6a2d925911938d1a04ac0733ce4485 [none]
[debug] [2023-04-10T08:10:35.940Z] >>> [apiv2][body] POST https://upload-firebasehosting.googleapis.com/upload/sites/english-now-ce201/versions/96dbbdedd13abd0d/files/0979f4d8c7d80f110fe79f20becaf90eab6a2d925911938d1a04ac0733ce4485 [stream]
[debug] [2023-04-10T08:10:50.688Z] [uploadQueue] Retrying task d8ee29fa565dc8494181457eb1f252e69b4ef445037225acca651018d1cb0ccb
[debug] [2023-04-10T08:10:50.688Z] >>> [apiv2][query] POST https://upload-firebasehosting.googleapis.com/upload/sites/english-now-ce201/versions/96dbbdedd13abd0d/files/d8ee29fa565dc8494181457eb1f252e69b4ef445037225acca651018d1cb0ccb [none]
[debug] [2023-04-10T08:10:50.688Z] >>> [apiv2][body] POST https://upload-firebasehosting.googleapis.com/upload/sites/english-now-ce201/versions/96dbbdedd13abd0d/files/d8ee29fa565dc8494181457eb1f252e69b4ef445037225acca651018d1cb0ccb [stream]
[debug] [2023-04-10T08:11:12.341Z] [uploadQueue] Retrying task 0979f4d8c7d80f110fe79f20becaf90eab6a2d925911938d1a04ac0733ce4485
[debug] [2023-04-10T08:11:12.342Z] >>> [apiv2][query] POST https://upload-firebasehosting.googleapis.com/upload/sites/english-now-ce201/versions/96dbbdedd13abd0d/files/0979f4d8c7d80f110fe79f20becaf90eab6a2d925911938d1a04ac0733ce4485 [none]
[debug] [2023-04-10T08:11:12.342Z] >>> [apiv2][body] POST https://upload-firebasehosting.googleapis.com/upload/sites/english-now-ce201/versions/96dbbdedd13abd0d/files/0979f4d8c7d80f110fe79f20becaf90eab6a2d925911938d1a04ac0733ce4485 [stream]
[debug] [2023-04-10T08:11:20.102Z] <<< [apiv2][status] POST https://upload-firebasehosting.googleapis.com/upload/sites/english-now-ce201/versions/96dbbdedd13abd0d/files/d8ee29fa565dc8494181457eb1f252e69b4ef445037225acca651018d1cb0ccb 200
[debug] [2023-04-10T08:11:20.102Z] <<< [apiv2][body] POST https://upload-firebasehosting.googleapis.com/upload/sites/english-now-ce201/versions/96dbbdedd13abd0d/files/d8ee29fa565dc8494181457eb1f252e69b4ef445037225acca651018d1cb0ccb [stream]
[debug] Task 0979f4d8c7d80f110fe79f20becaf90eab6a2d925911938d1a04ac0733ce4485 failed: retries exhausted after 6 attempts, with error: Failed to make request to https://upload-firebasehosting.googleapis.com/upload/sites/english-now-ce201/versions/96dbbdedd13abd0d/files/0979f4d8c7d80f110fe79f20becaf90eab6a2d925911938d1a04ac0733ce4485
[debug] [2023-04-10T08:11:27.084Z] [hosting][upload queue][FINAL] {"max":29414,"min":9950,"avg":19048,"active":0,"complete":4,"success":3,"errored":1,"retried":10,"total":4,"elapsed":135470}
[debug] [2023-04-10T08:11:32.090Z] Error: Timed out.
    at Timeout._onTimeout (C:\Users\PC\AppData\Roaming\npm\node_modules\firebase-tools\lib\utils.js:253:49)
    at listOnTimeout (node:internal/timers:557:17)
    at processTimers (node:internal/timers:500:7)
[error] 
[error] Error: An unexpected error has occurred.
[debug] [2023-04-10T08:11:46.917Z] ----------------------------------------------------------------------
[debug] [2023-04-10T08:11:46.920Z] Command:       C:\Program Files\nodejs\node.exe C:\Users\PC\AppData\Roaming\npm\node_modules\firebase-tools\lib\bin\firebase.js deploy
[debug] [2023-04-10T08:11:46.920Z] CLI Version:   11.19.0
[debug] [2023-04-10T08:11:46.920Z] Platform:      win32
[debug] [2023-04-10T08:11:46.920Z] Node Version:  v16.13.1
[debug] [2023-04-10T08:11:46.921Z] Time:          Mon Apr 10 2023 14:11:46 GMT+0600 (Bangladesh Standard Time)
[debug] [2023-04-10T08:11:46.922Z] ----------------------------------------------------------------------
[debug] 
[debug] [2023-04-10T08:11:47.002Z] > command requires scopes: ["email","openid","https://www.googleapis.com/auth/cloudplatformprojects.readonly","https://www.googleapis.com/auth/firebase","https://www.googleapis.com/auth/cloud-platform"]
[debug] [2023-04-10T08:11:47.003Z] > authorizing via signed-in user (abubakarsiddique7912@gmail.com)
[debug] [2023-04-10T08:11:47.003Z] [iam] checking project english-now-ce201 for permissions ["firebase.projects.get","firebasehosting.sites.update"]
[debug] [2023-04-10T08:11:47.005Z] >>> [apiv2][query] POST https://cloudresourcemanager.googleapis.com/v1/projects/english-now-ce201:testIamPermissions [none]
[debug] [2023-04-10T08:11:47.006Z] >>> [apiv2][(partial)header] POST https://cloudresourcemanager.googleapis.com/v1/projects/english-now-ce201:testIamPermissions x-goog-quota-user=projects/english-now-ce201
[debug] [2023-04-10T08:11:47.006Z] >>> [apiv2][body] POST https://cloudresourcemanager.googleapis.com/v1/projects/english-now-ce201:testIamPermissions {"permissions":["firebase.projects.get","firebasehosting.sites.update"]}
[debug] [2023-04-10T08:11:56.867Z] <<< [apiv2][status] POST https://cloudresourcemanager.googleapis.com/v1/projects/english-now-ce201:testIamPermissions 200
[debug] [2023-04-10T08:11:56.867Z] <<< [apiv2][body] POST https://cloudresourcemanager.googleapis.com/v1/projects/english-now-ce201:testIamPermissions {"permissions":["firebase.projects.get","firebasehosting.sites.update"]}
[debug] [2023-04-10T08:11:56.868Z] >>> [apiv2][query] GET https://firebase.googleapis.com/v1beta1/projects/english-now-ce201 [none]
[debug] [2023-04-10T08:12:02.682Z] <<< [apiv2][status] GET https://firebase.googleapis.com/v1beta1/projects/english-now-ce201 200
[debug] [2023-04-10T08:12:02.682Z] <<< [apiv2][body] GET https://firebase.googleapis.com/v1beta1/projects/english-now-ce201 {"projectId":"english-now-ce201","projectNumber":"1014147422706","displayName":"english-now","name":"projects/english-now-ce201","resources":{"hostingSite":"english-now-ce201"},"state":"ACTIVE","etag":"1_8e3c963f-0e38-4bc2-90a1-987f19abc09d"}
[info] 
[info] === Deploying to 'english-now-ce201'...
[info] 
[info] i  deploying hosting 
[debug] [2023-04-10T08:12:02.689Z] >>> [apiv2][query] POST https://firebasehosting.googleapis.com/v1beta1/projects/-/sites/english-now-ce201/versions [none]
[debug] [2023-04-10T08:12:02.689Z] >>> [apiv2][body] POST https://firebasehosting.googleapis.com/v1beta1/projects/-/sites/english-now-ce201/versions {"status":"CREATED","labels":{"deployment-tool":"cli-firebase"}}
[debug] [2023-04-10T08:12:04.304Z] <<< [apiv2][status] POST https://firebasehosting.googleapis.com/v1beta1/projects/-/sites/english-now-ce201/versions 200
[debug] [2023-04-10T08:12:04.304Z] <<< [apiv2][body] POST https://firebasehosting.googleapis.com/v1beta1/projects/-/sites/english-now-ce201/versions {"name":"projects/1014147422706/sites/english-now-ce201/versions/768bb96e63436938","status":"CREATED","config":{},"labels":{"deployment-tool":"cli-firebase"}}
[info] i  hosting[english-now-ce201]: beginning deploy... 
[info] i  hosting[english-now-ce201]: found 17 files in build 
[debug] [2023-04-10T08:12:04.317Z] [hosting] uploading with 200 concurrency
[debug] [2023-04-10T08:12:04.325Z] [hosting] hash cache [YnVpbGQ] stored for 17 files
[debug] [2023-04-10T08:12:04.325Z] [hosting][hash queue][FINAL] {"max":3,"min":0,"avg":0,"active":0,"complete":17,"success":17,"errored":0,"retried":0,"total":17,"elapsed":5}
[debug] [2023-04-10T08:12:04.326Z] >>> [apiv2][query] POST https://firebasehosting.googleapis.com/v1beta1/projects/1014147422706/sites/english-now-ce201/versions/768bb96e63436938:populateFiles [none]
[debug] [2023-04-10T08:12:04.326Z] >>> [apiv2][body] POST https://firebasehosting.googleapis.com/v1beta1/projects/1014147422706/sites/english-now-ce201/versions/768bb96e63436938:populateFiles {"files":{"/asset-manifest.json":"2a68c962b678e38415be6a893123bddc30520fca3438dd997d4977932b1b7128","/favicon.ico":"eae62e993eb980ec8a25058c39d5a51feab118bd2100c4deebb2a9c158ec11f9","/index.html":"2d5b89a267f8187fd5c548691ea637d8ee6af784748154b5cdf7b2c645760196","/logo192.png":"3ee59515172ee198f3be375979df15ac5345183e656720a381b8872b2a39dc8b","/logo512.png":"ee7e2f3fdb8209c4b6fd7bef6ba50d1b9dba30a25bb5c3126df057e1cb6f5331","/manifest.json":"aff3449bdc238776f5d6d967f19ec491b36aed5fb7f23ccff6500736fd58494a","/robots.txt":"bfe106a3fb878dc83461c86818bf74fc1bdc7f28538ba613cd3e775516ce8b49","/static/css/main.717943dc.css":"d8ee29fa565dc8494181457eb1f252e69b4ef445037225acca651018d1cb0ccb","/static/js/27.cda09eae.chunk.js":"39cfe9af6e8c98709a04e691340d7e5631d31f564ae057120f365e4b81e0119a","/static/js/main.2e1a5721.js":"0979f4d8c7d80f110fe79f20becaf90eab6a2d925911938d1a04ac0733ce4485","/static/js/main.2e1a5721.js.LICENSE.txt":"68e9dd19a3d19f1bcd37e12534a7817a0e453e169b44e69f45cc840f44dcbc4c","/static/media/Bust1.3260ef19ad145252fe37.png":"057682be8174bb85c31ff67facb31c0a181b9973d93c76103a0b3919e37e7744","/static/media/Bust2.17bfe9880545e4a6b9ab.png":"dc1aba45d523dd9034bec389590449bdee9be2e26598bd74c58e19ec5e53bc83","/static/media/bust4.a88358b42c559162a904.png":"ccfcdb62db540224c6a48a8a6a358793245f8df86488eb33b0d9bacb8c2aa4a4","/static/media/spinner.84a9cb85f33e8a69e0f72a94f31725b5.svg":"0274c3ae4c6e344c825a250708730db10495ac8eeb473b8ff3f91197ea7818c3","/static/media/SpinnerTwo.811db19c97df57888a552f675dab5e6b.svg":"edcc15c73225b46a7573c0cf786c21ac8c9815fe5566133918f4e6473b5e0cd8","/static/media/subSpinner.8357a87982ac7ccfd069f8fcff8ea4eb.svg":"63a8cf7be9331c06ce070e1de6c9e737ba86c21828a2cb9426e061e4dd1f1f3a"}}
[debug] [2023-04-10T08:12:11.217Z] <<< [apiv2][status] POST https://firebasehosting.googleapis.com/v1beta1/projects/1014147422706/sites/english-now-ce201/versions/768bb96e63436938:populateFiles 200
[debug] [2023-04-10T08:12:11.217Z] <<< [apiv2][body] POST https://firebasehosting.googleapis.com/v1beta1/projects/1014147422706/sites/english-now-ce201/versions/768bb96e63436938:populateFiles {"uploadRequiredHashes":["0979f4d8c7d80f110fe79f20becaf90eab6a2d925911938d1a04ac0733ce4485"],"uploadUrl":"https://upload-firebasehosting.googleapis.com/upload/sites/english-now-ce201/versions/768bb96e63436938/files"}
[debug] [2023-04-10T08:12:11.219Z] >>> [apiv2][query] POST https://upload-firebasehosting.googleapis.com/upload/sites/english-now-ce201/versions/768bb96e63436938/files/0979f4d8c7d80f110fe79f20becaf90eab6a2d925911938d1a04ac0733ce4485 [none]
[debug] [2023-04-10T08:12:11.219Z] >>> [apiv2][body] POST https://upload-firebasehosting.googleapis.com/upload/sites/english-now-ce201/versions/768bb96e63436938/files/0979f4d8c7d80f110fe79f20becaf90eab6a2d925911938d1a04ac0733ce4485 [stream]
[debug] [2023-04-10T08:12:11.220Z] [hosting][populate queue][FINAL] {"max":6895,"min":6895,"avg":6895,"active":0,"complete":1,"success":1,"errored":0,"retried":0,"total":1,"elapsed":6897}
[debug] [2023-04-10T08:12:11.220Z] [hosting] uploads queued: 1
[debug] [2023-04-10T08:12:41.622Z] [uploadQueue] Retrying task 0979f4d8c7d80f110fe79f20becaf90eab6a2d925911938d1a04ac0733ce4485
[debug] [2023-04-10T08:12:41.623Z] >>> [apiv2][query] POST https://upload-firebasehosting.googleapis.com/upload/sites/english-now-ce201/versions/768bb96e63436938/files/0979f4d8c7d80f110fe79f20becaf90eab6a2d925911938d1a04ac0733ce4485 [none]
[debug] [2023-04-10T08:12:41.623Z] >>> [apiv2][body] POST https://upload-firebasehosting.googleapis.com/upload/sites/english-now-ce201/versions/768bb96e63436938/files/0979f4d8c7d80f110fe79f20becaf90eab6a2d925911938d1a04ac0733ce4485 [stream]
[debug] [2023-04-10T08:13:12.424Z] [uploadQueue] Retrying task 0979f4d8c7d80f110fe79f20becaf90eab6a2d925911938d1a04ac0733ce4485
[debug] [2023-04-10T08:13:12.426Z] >>> [apiv2][query] POST https://upload-firebasehosting.googleapis.com/upload/sites/english-now-ce201/versions/768bb96e63436938/files/0979f4d8c7d80f110fe79f20becaf90eab6a2d925911938d1a04ac0733ce4485 [none]
[debug] [2023-04-10T08:13:12.426Z] >>> [apiv2][body] POST https://upload-firebasehosting.googleapis.com/upload/sites/english-now-ce201/versions/768bb96e63436938/files/0979f4d8c7d80f110fe79f20becaf90eab6a2d925911938d1a04ac0733ce4485 [stream]
[debug] [2023-04-10T08:13:44.028Z] [uploadQueue] Retrying task 0979f4d8c7d80f110fe79f20becaf90eab6a2d925911938d1a04ac0733ce4485
[debug] [2023-04-10T08:13:44.029Z] >>> [apiv2][query] POST https://upload-firebasehosting.googleapis.com/upload/sites/english-now-ce201/versions/768bb96e63436938/files/0979f4d8c7d80f110fe79f20becaf90eab6a2d925911938d1a04ac0733ce4485 [none]
[debug] [2023-04-10T08:13:44.029Z] >>> [apiv2][body] POST https://upload-firebasehosting.googleapis.com/upload/sites/english-now-ce201/versions/768bb96e63436938/files/0979f4d8c7d80f110fe79f20becaf90eab6a2d925911938d1a04ac0733ce4485 [stream]
[debug] [2023-04-10T08:14:17.229Z] [uploadQueue] Retrying task 0979f4d8c7d80f110fe79f20becaf90eab6a2d925911938d1a04ac0733ce4485
[debug] [2023-04-10T08:14:17.231Z] >>> [apiv2][query] POST https://upload-firebasehosting.googleapis.com/upload/sites/english-now-ce201/versions/768bb96e63436938/files/0979f4d8c7d80f110fe79f20becaf90eab6a2d925911938d1a04ac0733ce4485 [none]
[debug] [2023-04-10T08:14:17.231Z] >>> [apiv2][body] POST https://upload-firebasehosting.googleapis.com/upload/sites/english-now-ce201/versions/768bb96e63436938/files/0979f4d8c7d80f110fe79f20becaf90eab6a2d925911938d1a04ac0733ce4485 [stream]
[debug] [2023-04-10T08:15:19.354Z] ----------------------------------------------------------------------
[debug] [2023-04-10T08:15:19.357Z] Command:       C:\Program Files\nodejs\node.exe C:\Users\PC\AppData\Roaming\npm\node_modules\firebase-tools\lib\bin\firebase.js deploy
[debug] [2023-04-10T08:15:19.358Z] CLI Version:   11.19.0
[debug] [2023-04-10T08:15:19.358Z] Platform:      win32
[debug] [2023-04-10T08:15:19.358Z] Node Version:  v16.13.1
[debug] [2023-04-10T08:15:19.360Z] Time:          Mon Apr 10 2023 14:15:19 GMT+0600 (Bangladesh Standard Time)
[debug] [2023-04-10T08:15:19.360Z] ----------------------------------------------------------------------
[debug] 
[debug] [2023-04-10T08:15:19.451Z] > command requires scopes: ["email","openid","https://www.googleapis.com/auth/cloudplatformprojects.readonly","https://www.googleapis.com/auth/firebase","https://www.googleapis.com/auth/cloud-platform"]
[debug] [2023-04-10T08:15:19.452Z] > authorizing via signed-in user (abubakarsiddique7912@gmail.com)
[debug] [2023-04-10T08:15:19.452Z] [iam] checking project english-now-ce201 for permissions ["firebase.projects.get","firebasehosting.sites.update"]
[debug] [2023-04-10T08:15:19.455Z] >>> [apiv2][query] POST https://cloudresourcemanager.googleapis.com/v1/projects/english-now-ce201:testIamPermissions [none]
[debug] [2023-04-10T08:15:19.455Z] >>> [apiv2][(partial)header] POST https://cloudresourcemanager.googleapis.com/v1/projects/english-now-ce201:testIamPermissions x-goog-quota-user=projects/english-now-ce201
[debug] [2023-04-10T08:15:19.455Z] >>> [apiv2][body] POST https://cloudresourcemanager.googleapis.com/v1/projects/english-now-ce201:testIamPermissions {"permissions":["firebase.projects.get","firebasehosting.sites.update"]}
[debug] [2023-04-10T08:15:35.866Z] <<< [apiv2][status] POST https://cloudresourcemanager.googleapis.com/v1/projects/english-now-ce201:testIamPermissions 200
[debug] [2023-04-10T08:15:35.866Z] <<< [apiv2][body] POST https://cloudresourcemanager.googleapis.com/v1/projects/english-now-ce201:testIamPermissions {"permissions":["firebase.projects.get","firebasehosting.sites.update"]}
[debug] [2023-04-10T08:15:35.868Z] >>> [apiv2][query] GET https://firebase.googleapis.com/v1beta1/projects/english-now-ce201 [none]
[debug] [2023-04-10T08:15:38.313Z] <<< [apiv2][status] GET https://firebase.googleapis.com/v1beta1/projects/english-now-ce201 200
[debug] [2023-04-10T08:15:38.314Z] <<< [apiv2][body] GET https://firebase.googleapis.com/v1beta1/projects/english-now-ce201 {"projectId":"english-now-ce201","projectNumber":"1014147422706","displayName":"english-now","name":"projects/english-now-ce201","resources":{"hostingSite":"english-now-ce201"},"state":"ACTIVE","etag":"1_8e3c963f-0e38-4bc2-90a1-987f19abc09d"}
[info] 
[info] === Deploying to 'english-now-ce201'...
[info] 
[info] i  deploying hosting 
[debug] [2023-04-10T08:15:38.326Z] >>> [apiv2][query] POST https://firebasehosting.googleapis.com/v1beta1/projects/-/sites/english-now-ce201/versions [none]
[debug] [2023-04-10T08:15:38.326Z] >>> [apiv2][body] POST https://firebasehosting.googleapis.com/v1beta1/projects/-/sites/english-now-ce201/versions {"status":"CREATED","labels":{"deployment-tool":"cli-firebase"}}
[debug] [2023-04-10T08:15:58.516Z] <<< [apiv2][status] POST https://firebasehosting.googleapis.com/v1beta1/projects/-/sites/english-now-ce201/versions 200
[debug] [2023-04-10T08:15:58.517Z] <<< [apiv2][body] POST https://firebasehosting.googleapis.com/v1beta1/projects/-/sites/english-now-ce201/versions {"name":"projects/1014147422706/sites/english-now-ce201/versions/25106f2cb2eded16","status":"CREATED","config":{},"labels":{"deployment-tool":"cli-firebase"}}
[info] i  hosting[english-now-ce201]: beginning deploy... 
[info] i  hosting[english-now-ce201]: found 17 files in build 
[debug] [2023-04-10T08:15:58.531Z] [hosting] uploading with 200 concurrency
[debug] [2023-04-10T08:15:58.538Z] [hosting] hash cache [YnVpbGQ] stored for 17 files
[debug] [2023-04-10T08:15:58.538Z] [hosting][hash queue][FINAL] {"max":2,"min":0,"avg":0,"active":0,"complete":17,"success":17,"errored":0,"retried":0,"total":17,"elapsed":5}
[debug] [2023-04-10T08:15:58.539Z] >>> [apiv2][query] POST https://firebasehosting.googleapis.com/v1beta1/projects/1014147422706/sites/english-now-ce201/versions/25106f2cb2eded16:populateFiles [none]
[debug] [2023-04-10T08:15:58.539Z] >>> [apiv2][body] POST https://firebasehosting.googleapis.com/v1beta1/projects/1014147422706/sites/english-now-ce201/versions/25106f2cb2eded16:populateFiles {"files":{"/asset-manifest.json":"2a68c962b678e38415be6a893123bddc30520fca3438dd997d4977932b1b7128","/favicon.ico":"eae62e993eb980ec8a25058c39d5a51feab118bd2100c4deebb2a9c158ec11f9","/index.html":"2d5b89a267f8187fd5c548691ea637d8ee6af784748154b5cdf7b2c645760196","/logo192.png":"3ee59515172ee198f3be375979df15ac5345183e656720a381b8872b2a39dc8b","/logo512.png":"ee7e2f3fdb8209c4b6fd7bef6ba50d1b9dba30a25bb5c3126df057e1cb6f5331","/manifest.json":"aff3449bdc238776f5d6d967f19ec491b36aed5fb7f23ccff6500736fd58494a","/robots.txt":"bfe106a3fb878dc83461c86818bf74fc1bdc7f28538ba613cd3e775516ce8b49","/static/css/main.717943dc.css":"d8ee29fa565dc8494181457eb1f252e69b4ef445037225acca651018d1cb0ccb","/static/js/27.cda09eae.chunk.js":"39cfe9af6e8c98709a04e691340d7e5631d31f564ae057120f365e4b81e0119a","/static/js/main.2e1a5721.js":"0979f4d8c7d80f110fe79f20becaf90eab6a2d925911938d1a04ac0733ce4485","/static/js/main.2e1a5721.js.LICENSE.txt":"68e9dd19a3d19f1bcd37e12534a7817a0e453e169b44e69f45cc840f44dcbc4c","/static/media/Bust1.3260ef19ad145252fe37.png":"057682be8174bb85c31ff67facb31c0a181b9973d93c76103a0b3919e37e7744","/static/media/Bust2.17bfe9880545e4a6b9ab.png":"dc1aba45d523dd9034bec389590449bdee9be2e26598bd74c58e19ec5e53bc83","/static/media/bust4.a88358b42c559162a904.png":"ccfcdb62db540224c6a48a8a6a358793245f8df86488eb33b0d9bacb8c2aa4a4","/static/media/spinner.84a9cb85f33e8a69e0f72a94f31725b5.svg":"0274c3ae4c6e344c825a250708730db10495ac8eeb473b8ff3f91197ea7818c3","/static/media/SpinnerTwo.811db19c97df57888a552f675dab5e6b.svg":"edcc15c73225b46a7573c0cf786c21ac8c9815fe5566133918f4e6473b5e0cd8","/static/media/subSpinner.8357a87982ac7ccfd069f8fcff8ea4eb.svg":"63a8cf7be9331c06ce070e1de6c9e737ba86c21828a2cb9426e061e4dd1f1f3a"}}
[debug] [2023-04-10T08:16:15.498Z] [populateQueue] Retrying task index 0
[debug] [2023-04-10T08:16:15.499Z] >>> [apiv2][query] POST https://firebasehosting.googleapis.com/v1beta1/projects/1014147422706/sites/english-now-ce201/versions/25106f2cb2eded16:populateFiles [none]
[debug] [2023-04-10T08:16:15.499Z] >>> [apiv2][body] POST https://firebasehosting.googleapis.com/v1beta1/projects/1014147422706/sites/english-now-ce201/versions/25106f2cb2eded16:populateFiles {"files":{"/asset-manifest.json":"2a68c962b678e38415be6a893123bddc30520fca3438dd997d4977932b1b7128","/favicon.ico":"eae62e993eb980ec8a25058c39d5a51feab118bd2100c4deebb2a9c158ec11f9","/index.html":"2d5b89a267f8187fd5c548691ea637d8ee6af784748154b5cdf7b2c645760196","/logo192.png":"3ee59515172ee198f3be375979df15ac5345183e656720a381b8872b2a39dc8b","/logo512.png":"ee7e2f3fdb8209c4b6fd7bef6ba50d1b9dba30a25bb5c3126df057e1cb6f5331","/manifest.json":"aff3449bdc238776f5d6d967f19ec491b36aed5fb7f23ccff6500736fd58494a","/robots.txt":"bfe106a3fb878dc83461c86818bf74fc1bdc7f28538ba613cd3e775516ce8b49","/static/css/main.717943dc.css":"d8ee29fa565dc8494181457eb1f252e69b4ef445037225acca651018d1cb0ccb","/static/js/27.cda09eae.chunk.js":"39cfe9af6e8c98709a04e691340d7e5631d31f564ae057120f365e4b81e0119a","/static/js/main.2e1a5721.js":"0979f4d8c7d80f110fe79f20becaf90eab6a2d925911938d1a04ac0733ce4485","/static/js/main.2e1a5721.js.LICENSE.txt":"68e9dd19a3d19f1bcd37e12534a7817a0e453e169b44e69f45cc840f44dcbc4c","/static/media/Bust1.3260ef19ad145252fe37.png":"057682be8174bb85c31ff67facb31c0a181b9973d93c76103a0b3919e37e7744","/static/media/Bust2.17bfe9880545e4a6b9ab.png":"dc1aba45d523dd9034bec389590449bdee9be2e26598bd74c58e19ec5e53bc83","/static/media/bust4.a88358b42c559162a904.png":"ccfcdb62db540224c6a48a8a6a358793245f8df86488eb33b0d9bacb8c2aa4a4","/static/media/spinner.84a9cb85f33e8a69e0f72a94f31725b5.svg":"0274c3ae4c6e344c825a250708730db10495ac8eeb473b8ff3f91197ea7818c3","/static/media/SpinnerTwo.811db19c97df57888a552f675dab5e6b.svg":"edcc15c73225b46a7573c0cf786c21ac8c9815fe5566133918f4e6473b5e0cd8","/static/media/subSpinner.8357a87982ac7ccfd069f8fcff8ea4eb.svg":"63a8cf7be9331c06ce070e1de6c9e737ba86c21828a2cb9426e061e4dd1f1f3a"}}
[debug] [2023-04-10T08:16:33.619Z] [populateQueue] Retrying task index 0
[debug] [2023-04-10T08:16:33.620Z] >>> [apiv2][query] POST https://firebasehosting.googleapis.com/v1beta1/projects/1014147422706/sites/english-now-ce201/versions/25106f2cb2eded16:populateFiles [none]
[debug] [2023-04-10T08:16:33.621Z] >>> [apiv2][body] POST https://firebasehosting.googleapis.com/v1beta1/projects/1014147422706/sites/english-now-ce201/versions/25106f2cb2eded16:populateFiles {"files":{"/asset-manifest.json":"2a68c962b678e38415be6a893123bddc30520fca3438dd997d4977932b1b7128","/favicon.ico":"eae62e993eb980ec8a25058c39d5a51feab118bd2100c4deebb2a9c158ec11f9","/index.html":"2d5b89a267f8187fd5c548691ea637d8ee6af784748154b5cdf7b2c645760196","/logo192.png":"3ee59515172ee198f3be375979df15ac5345183e656720a381b8872b2a39dc8b","/logo512.png":"ee7e2f3fdb8209c4b6fd7bef6ba50d1b9dba30a25bb5c3126df057e1cb6f5331","/manifest.json":"aff3449bdc238776f5d6d967f19ec491b36aed5fb7f23ccff6500736fd58494a","/robots.txt":"bfe106a3fb878dc83461c86818bf74fc1bdc7f28538ba613cd3e775516ce8b49","/static/css/main.717943dc.css":"d8ee29fa565dc8494181457eb1f252e69b4ef445037225acca651018d1cb0ccb","/static/js/27.cda09eae.chunk.js":"39cfe9af6e8c98709a04e691340d7e5631d31f564ae057120f365e4b81e0119a","/static/js/main.2e1a5721.js":"0979f4d8c7d80f110fe79f20becaf90eab6a2d925911938d1a04ac0733ce4485","/static/js/main.2e1a5721.js.LICENSE.txt":"68e9dd19a3d19f1bcd37e12534a7817a0e453e169b44e69f45cc840f44dcbc4c","/static/media/Bust1.3260ef19ad145252fe37.png":"057682be8174bb85c31ff67facb31c0a181b9973d93c76103a0b3919e37e7744","/static/media/Bust2.17bfe9880545e4a6b9ab.png":"dc1aba45d523dd9034bec389590449bdee9be2e26598bd74c58e19ec5e53bc83","/static/media/bust4.a88358b42c559162a904.png":"ccfcdb62db540224c6a48a8a6a358793245f8df86488eb33b0d9bacb8c2aa4a4","/static/media/spinner.84a9cb85f33e8a69e0f72a94f31725b5.svg":"0274c3ae4c6e344c825a250708730db10495ac8eeb473b8ff3f91197ea7818c3","/static/media/SpinnerTwo.811db19c97df57888a552f675dab5e6b.svg":"edcc15c73225b46a7573c0cf786c21ac8c9815fe5566133918f4e6473b5e0cd8","/static/media/subSpinner.8357a87982ac7ccfd069f8fcff8ea4eb.svg":"63a8cf7be9331c06ce070e1de6c9e737ba86c21828a2cb9426e061e4dd1f1f3a"}}
[debug] [2023-04-10T08:16:54.082Z] [populateQueue] Retrying task index 0
[debug] [2023-04-10T08:16:54.083Z] >>> [apiv2][query] POST https://firebasehosting.googleapis.com/v1beta1/projects/1014147422706/sites/english-now-ce201/versions/25106f2cb2eded16:populateFiles [none]
[debug] [2023-04-10T08:16:54.083Z] >>> [apiv2][body] POST https://firebasehosting.googleapis.com/v1beta1/projects/1014147422706/sites/english-now-ce201/versions/25106f2cb2eded16:populateFiles {"files":{"/asset-manifest.json":"2a68c962b678e38415be6a893123bddc30520fca3438dd997d4977932b1b7128","/favicon.ico":"eae62e993eb980ec8a25058c39d5a51feab118bd2100c4deebb2a9c158ec11f9","/index.html":"2d5b89a267f8187fd5c548691ea637d8ee6af784748154b5cdf7b2c645760196","/logo192.png":"3ee59515172ee198f3be375979df15ac5345183e656720a381b8872b2a39dc8b","/logo512.png":"ee7e2f3fdb8209c4b6fd7bef6ba50d1b9dba30a25bb5c3126df057e1cb6f5331","/manifest.json":"aff3449bdc238776f5d6d967f19ec491b36aed5fb7f23ccff6500736fd58494a","/robots.txt":"bfe106a3fb878dc83461c86818bf74fc1bdc7f28538ba613cd3e775516ce8b49","/static/css/main.717943dc.css":"d8ee29fa565dc8494181457eb1f252e69b4ef445037225acca651018d1cb0ccb","/static/js/27.cda09eae.chunk.js":"39cfe9af6e8c98709a04e691340d7e5631d31f564ae057120f365e4b81e0119a","/static/js/main.2e1a5721.js":"0979f4d8c7d80f110fe79f20becaf90eab6a2d925911938d1a04ac0733ce4485","/static/js/main.2e1a5721.js.LICENSE.txt":"68e9dd19a3d19f1bcd37e12534a7817a0e453e169b44e69f45cc840f44dcbc4c","/static/media/Bust1.3260ef19ad145252fe37.png":"057682be8174bb85c31ff67facb31c0a181b9973d93c76103a0b3919e37e7744","/static/media/Bust2.17bfe9880545e4a6b9ab.png":"dc1aba45d523dd9034bec389590449bdee9be2e26598bd74c58e19ec5e53bc83","/static/media/bust4.a88358b42c559162a904.png":"ccfcdb62db540224c6a48a8a6a358793245f8df86488eb33b0d9bacb8c2aa4a4","/static/media/spinner.84a9cb85f33e8a69e0f72a94f31725b5.svg":"0274c3ae4c6e344c825a250708730db10495ac8eeb473b8ff3f91197ea7818c3","/static/media/SpinnerTwo.811db19c97df57888a552f675dab5e6b.svg":"edcc15c73225b46a7573c0cf786c21ac8c9815fe5566133918f4e6473b5e0cd8","/static/media/subSpinner.8357a87982ac7ccfd069f8fcff8ea4eb.svg":"63a8cf7be9331c06ce070e1de6c9e737ba86c21828a2cb9426e061e4dd1f1f3a"}}
[debug] [2023-04-10T08:16:57.918Z] <<< [apiv2][status] POST https://firebasehosting.googleapis.com/v1beta1/projects/1014147422706/sites/english-now-ce201/versions/25106f2cb2eded16:populateFiles 200
[debug] [2023-04-10T08:16:57.918Z] <<< [apiv2][body] POST https://firebasehosting.googleapis.com/v1beta1/projects/1014147422706/sites/english-now-ce201/versions/25106f2cb2eded16:populateFiles {"uploadRequiredHashes":["0979f4d8c7d80f110fe79f20becaf90eab6a2d925911938d1a04ac0733ce4485"],"uploadUrl":"https://upload-firebasehosting.googleapis.com/upload/sites/english-now-ce201/versions/25106f2cb2eded16/files"}
[debug] [2023-04-10T08:16:57.919Z] >>> [apiv2][query] POST https://upload-firebasehosting.googleapis.com/upload/sites/english-now-ce201/versions/25106f2cb2eded16/files/0979f4d8c7d80f110fe79f20becaf90eab6a2d925911938d1a04ac0733ce4485 [none]
[debug] [2023-04-10T08:16:57.919Z] >>> [apiv2][body] POST https://upload-firebasehosting.googleapis.com/upload/sites/english-now-ce201/versions/25106f2cb2eded16/files/0979f4d8c7d80f110fe79f20becaf90eab6a2d925911938d1a04ac0733ce4485 [stream]
[debug] [2023-04-10T08:16:57.921Z] [hosting][populate queue][FINAL] {"max":3837,"min":3837,"avg":3837,"active":0,"complete":1,"success":1,"errored":0,"retried":3,"total":1,"elapsed":59385}
[debug] [2023-04-10T08:16:57.921Z] [hosting] uploads queued: 1
[debug] [2023-04-10T08:17:28.322Z] [uploadQueue] Retrying task 0979f4d8c7d80f110fe79f20becaf90eab6a2d925911938d1a04ac0733ce4485
[debug] [2023-04-10T08:17:28.324Z] >>> [apiv2][query] POST https://upload-firebasehosting.googleapis.com/upload/sites/english-now-ce201/versions/25106f2cb2eded16/files/0979f4d8c7d80f110fe79f20becaf90eab6a2d925911938d1a04ac0733ce4485 [none]
[debug] [2023-04-10T08:17:28.325Z] >>> [apiv2][body] POST https://upload-firebasehosting.googleapis.com/upload/sites/english-now-ce201/versions/25106f2cb2eded16/files/0979f4d8c7d80f110fe79f20becaf90eab6a2d925911938d1a04ac0733ce4485 [stream]
